-8443.0
1
225
102
194
115
171
231
154
59
37
184
221
151
66
207
73
186
208
74
199
97
113
214
216
105
142
8
141
161
29
35
183
219
185
120
145
157
96
189
82
5
187
139
22
155
245
109
156
100
210
101
116
71
143
69
32
206
230
203
140
232
233
146
34
80
20
6
130
62
91
222
131
50
13
125
138
19
31
192
55
174
84
218
3
27
10
90
249
190
107
122
168
14
58
215
132
242
43
198
195
104
65
126
164
119
9
191
70
238
178
236
226
57
67
48
176
137
227
234
103
85
147
136
4
124
17
244
163
60
133
228
106
86
112
237
49
129
201
181
64
180
121
197
23
162
188
46
92
240
150
95
47
217
153
251
209
247
26
38
166
7
170
182
172
16
40
243
11
114
169
18
25
79
202
41
128
246
148
160
135
52
68
98
111
61
159
179
93
42
21
110
211
175
144
193
152
87
248
89
213
108
241
118
99
223
53
220
39
44
224
83
158
250
63
1
