-8459.0
1
164
83
226
158
236
196
218
171
151
10
154
231
27
3
84
207
221
37
184
66
59
190
249
107
122
90
14
12
243
39
40
177
137
60
170
86
223
7
244
136
124
119
4
17
38
26
141
165
5
101
187
82
139
22
210
71
100
109
245
233
203
140
232
146
116
155
156
32
206
143
235
34
80
6
134
192
208
97
199
19
212
62
91
222
130
131
50
13
20
73
186
113
191
9
74
55
138
31
167
214
216
105
142
247
161
153
181
217
94
193
145
29
96
35
183
157
185
95
87
120
219
240
89
248
150
152
92
47
64
180
162
175
108
213
46
188
129
121
237
24
49
118
93
241
99
144
197
112
23
166
172
220
16
53
163
182
106
211
179
61
110
228
159
111
21
42
133
98
227
79
176
18
41
25
202
246
148
135
52
68
76
103
123
238
250
63
147
224
44
70
178
225
65
126
194
57
67
169
114
195
43
198
104
11
215
132
58
115
102
1
