-8358.0
1
83
225
63
250
158
242
226
44
39
16
220
227
137
40
136
147
119
4
17
244
7
45
153
29
183
96
35
185
193
219
87
95
157
161
141
165
247
142
105
26
38
197
237
24
175
112
223
86
68
246
128
41
176
18
25
202
148
135
160
159
111
228
110
98
133
61
21
42
118
93
179
99
241
108
144
129
180
181
47
46
92
240
120
150
248
152
89
213
188
49
121
23
64
217
162
106
172
170
60
76
163
182
53
103
57
243
224
238
164
65
126
196
50
13
91
222
206
32
116
5
146
109
71
143
69
235
210
101
245
100
233
203
140
156
155
82
22
20
73
192
80
186
187
139
34
212
130
62
256
74
199
97
208
167
55
31
19
138
174
218
3
37
84
207
66
221
59
10
154
27
231
249
190
107
122
90
14
168
151
184
171
115
102
132
58
11
198
195
114
104
169
67
43
215
12
236
178
70
124
216
9
113
214
191
1
