-8378.0
1
164
225
65
126
196
218
171
231
27
221
190
154
10
59
37
66
207
84
151
184
249
122
90
14
3
199
55
19
80
34
245
155
100
71
187
22
139
116
101
210
143
233
232
32
206
230
140
203
235
73
186
20
91
212
222
130
62
256
138
192
50
13
174
115
102
12
215
58
204
132
11
43
198
195
81
114
169
67
104
176
137
76
172
170
53
40
103
220
182
60
16
38
7
244
17
216
142
161
165
82
146
156
109
5
35
183
96
29
157
240
145
153
181
162
46
213
193
185
219
120
152
87
248
89
150
95
92
217
64
47
188
180
144
108
241
93
42
61
110
228
98
133
86
223
121
175
197
118
99
15
49
112
129
23
237
159
111
21
211
179
106
163
227
68
33
79
202
148
160
135
246
25
41
18
48
243
57
39
44
158
224
226
242
236
83
250
238
63
178
70
147
136
105
113
74
208
167
97
214
173
141
247
26
9
191
119
124
4
1
