-8410.0
1
3
126
171
231
154
10
184
151
190
107
122
249
90
14
194
102
115
27
59
221
37
84
207
66
218
4
124
136
147
123
224
83
178
70
250
113
105
142
247
161
165
141
9
191
119
17
244
103
40
11
242
12
215
58
132
43
198
195
104
114
169
67
57
177
16
220
172
60
163
182
170
7
166
38
86
223
112
237
197
118
93
228
133
106
99
241
108
89
150
95
152
213
162
64
23
121
49
129
180
217
185
193
157
153
188
46
144
175
179
211
111
21
110
42
61
159
135
160
202
98
68
33
79
41
128
148
246
25
18
176
227
137
39
243
226
44
158
236
65
225
164
63
238
97
74
192
31
19
174
261
138
55
199
20
186
34
109
155
146
101
82
5
116
245
210
22
139
73
80
6
212
62
91
131
222
130
13
50
208
167
216
26
209
181
47
92
51
248
87
120
219
240
183
29
35
96
189
156
232
203
140
206
32
233
143
100
71
235
187
173
214
1
