-8505.0
1
83
158
226
242
236
12
132
11
43
198
67
81
104
114
169
176
202
246
148
135
76
170
182
172
163
60
220
227
177
137
103
16
53
119
124
4
147
136
17
244
7
247
26
216
38
23
49
144
46
47
217
64
92
248
87
95
152
240
193
150
89
213
188
153
181
180
162
145
120
219
185
157
29
96
35
183
161
165
141
105
142
209
121
112
237
197
175
129
86
223
106
228
21
110
61
111
159
93
118
241
108
99
179
42
211
133
98
68
79
25
41
18
48
57
243
40
39
224
44
63
65
102
59
37
221
84
218
174
19
31
167
208
113
214
191
9
97
20
80
91
222
32
206
130
62
212
13
192
34
235
69
143
233
140
203
156
187
82
5
146
245
210
101
116
155
100
109
139
22
73
186
134
50
125
138
55
199
74
261
207
66
184
154
249
190
122
14
90
168
10
27
231
151
171
149
115
126
196
3
194
58
215
250
238
178
70
225
164
1
