1 2
2 3
3 94
4 86
5 200
6 215
7 191
8 249
9 103
10 112
11 65
12 107
13 184
14 73
15 250
16 60
17 195
18 183
19 188
20 28
21 49
22 185
23 192
24 213
25 57
26 20
27 197
28 220
29 181
30 214
31 201
32 182
33 212
34 186
35 78
36 210
37 83
38 36
39 79
40 189
41 39
42 205
43 180
44 100
45 209
46 51
47 204
48 211
49 41
50 42
51 246
52 208
53 207
54 206
55 99
56 245
57 203
58 74
59 109
60 25
61 113
62 137
63 102
64 40
65 111
66 17
67 116
68 117
69 231
70 202
71 171
72 234
73 69
74 93
75 233
76 225
77 237
78 232
79 152
80 133
81 238
82 126
83 75
84 198
85 218
86 251
87 8
88 235
89 118
90 157
91 150
92 135
93 9
94 236
95 148
96 52
97 106
98 54
99 34
100 162
101 6
102 104
103 77
104 50
105 21
106 156
107 143
108 139
109 46
110 58
111 130
112 140
113 96
114 32
115 90
116 63
117 216
118 22
119 177
120 146
121 154
122 38
123 221
124 252
125 226
126 76
127 242
128 153
129 123
130 29
131 170
132 82
133 53
134 229
135 131
136 108
137 55
138 80
139 128
140 155
141 120
142 136
143 4
144 147
145 227
146 37
147 97
148 144
149 219
150 30
151 81
152 160
153 158
154 84
155 14
156 61
157 15
158 89
159 43
160 134
161 127
162 145
163 18
164 1
165 166
166 239
167 174
168 163
169 31
170 132
171 85
172 70
173 172
174 175
175 119
176 59
177 230
178 199
179 35
180 68
181 33
182 67
183 151
184 110
185 56
186 44
187 10
188 7
189 167
190 121
191 92
192 19
193 27
194 217
195 164
196 176
197 26
198 149
199 91
200 240
201 228
202 11
203 23
204 248
205 247
206 66
207 114
208 98
209 165
210 159
211 222
212 168
213 47
214 105
215 95
216 187
217 71
218 87
219 72
220 141
221 12
222 142
223 115
224 101
225 129
226 88
227 124
228 173
229 243
230 223
231 190
232 224
233 122
234 244
235 169
236 178
237 161
238 194
239 253
240 16
241 125
242 179
243 196
244 13
245 45
246 24
247 62
248 64
249 138
250 193
251 1
252 1
253 1
254 1
255 1
256 1
257 1
258 1
259 1
260 1
261 1
262 1
