1 2
2 39
3 37
4 78
5 79
6 80
7 40
8 43
9 45
10 96
11 81
12 97
13 23
14 34
15 63
16 7
17 8
18 20
19 24
20 64
21 48
22 1
23 42
24 89
25 82
26 5
27 83
28 84
29 46
30 98
31 93
32 21
33 19
34 6
35 22
36 65
37 66
38 25
39 56
40 26
41 94
42 90
43 41
44 85
45 53
46 54
47 38
48 86
49 55
50 91
51 12
52 57
53 99
54 27
55 9
56 67
57 13
58 10
59 14
60 68
61 28
62 58
63 47
64 3
65 59
66 92
67 87
68 95
69 100
70 88
71 15
72 29
73 60
74 69
75 4
76 44
77 70
78 71
79 30
80 72
81 73
82 16
83 31
84 76
85 49
86 35
87 51
88 52
89 36
90 61
91 101
92 62
93 32
94 11
95 74
96 17
97 75
98 18
99 50
100 77
101 33
