1 2
2 84
3 182
4 133
5 42
6 170
7 189
8 197
9 150
10 8
11 134
12 93
13 110
14 88
15 49
16 160
17 51
18 196
19 102
20 54
21 142
22 158
23 19
24 62
25 193
26 166
27 123
28 87
29 118
30 79
31 39
32 139
33 46
34 149
35 64
36 161
37 169
38 178
39 57
40 22
41 152
42 13
43 190
44 163
45 53
46 58
47 198
48 27
49 4
50 24
51 100
52 159
53 153
54 138
55 121
56 179
57 167
58 175
59 116
60 10
61 184
62 127
63 43
64 76
65 80
66 50
67 31
68 32
69 6
70 188
71 186
72 61
73 14
74 147
75 174
76 20
77 101
78 143
79 194
80 38
81 185
82 16
83 125
84 144
85 176
86 5
87 21
88 11
89 148
90 117
91 195
92 200
93 199
94 86
95 1
96 109
97 172
98 103
99 145
100 155
101 124
102 157
103 7
104 59
105 156
106 113
107 135
108 52
109 17
110 104
111 187
112 115
113 9
114 47
115 40
116 146
117 136
118 192
119 56
120 81
121 26
122 171
123 177
124 60
125 77
126 15
127 164
128 120
129 65
130 180
131 44
132 73
133 151
134 18
135 37
136 55
137 168
138 173
139 140
140 66
141 165
142 95
143 69
144 74
145 108
146 129
147 191
148 90
149 131
150 119
151 154
152 98
153 83
154 105
155 82
156 41
157 94
158 141
159 132
160 35
161 30
162 3
163 99
164 137
165 23
166 162
167 111
168 114
169 70
170 25
171 48
172 36
173 128
174 181
175 29
176 67
177 112
178 106
179 71
180 78
181 91
182 33
183 12
184 89
185 97
186 130
187 72
188 68
189 34
190 126
191 85
192 63
193 75
194 122
195 107
196 96
197 92
198 45
199 28
200 183
