1 2
2 18
3 68
4 63
5 31
6 11
7 97
8 72
9 52
10 46
11 43
12 48
13 17
14 12
15 28
16 57
17 29
18 83
19 77
20 45
21 55
22 66
23 34
24 25
25 91
26 59
27 21
28 22
29 20
30 56
31 32
32 16
33 27
34 51
35 49
36 94
37 84
38 69
39 40
40 6
41 88
42 90
43 87
44 58
45 44
46 47
47 101
48 26
49 7
50 62
51 75
52 53
53 89
54 1
55 61
56 95
57 60
58 71
59 23
60 14
61 98
62 36
63 33
64 81
65 82
66 39
67 37
68 38
69 4
70 96
71 73
72 41
73 10
74 80
75 54
76 35
77 76
78 74
79 50
80 30
81 70
82 9
83 92
84 64
85 86
86 3
87 5
88 15
89 67
90 24
91 93
92 100
93 99
94 13
95 8
96 19
97 85
98 78
99 65
100 79
101 42
